GROUP,PACKAGE,CLASS,INSTRUCTION_MISSED,INSTRUCTION_COVERED,BRANCH_MISSED,BRANCH_COVERED,LINE_MISSED,LINE_COVERED,COMPLEXITY_MISSED,COMPLEXITY_COVERED,METHOD_MISSED,METHOD_COVERED
payment-service,com.capg.pharma.paymentservice.service,PaymentService,0,99,0,0,0,23,0,5,0,5
payment-service,com.capg.pharma.paymentservice.exception,PaymentNotFoundException,0,4,0,0,0,1,0,1,0,1
payment-service,com.capg.pharma.paymentservice.exception,PaymentProcessingException,4,0,0,0,1,0,1,0,1,0
payment-service,com.capg.pharma.paymentservice.exception,GlobalExceptionHandler,64,0,0,0,12,0,7,0,7,0
payment-service,com.capg.pharma.paymentservice.controller,PaymentController,18,0,0,0,5,0,3,0,3,0
